<?xml version="1.0" encoding="UTF-8"?>
<!-- Generated by org.testng.reporters.JUnitReportReporter -->
<testsuite hostname="DESKTOP-9Q4I8FN" failures="0" tests="7" name="com.tutorialsninja.qa.testcases.Login" time="87.553" errors="0" timestamp="2024-04-25T18:42:39 IST" skipped="0">
  <testcase classname="com.tutorialsninja.qa.testcases.Login" name="verifyLoginWithValidCredentials" time="11.431"/>
  <testcase classname="com.tutorialsninja.qa.testcases.Login" name="verifyLoginWithValidCredentials" time="12.766"/>
  <testcase classname="com.tutorialsninja.qa.testcases.Login" name="verifyLoginWithInvalidCredentials" time="11.972"/>
  <testcase classname="com.tutorialsninja.qa.testcases.Login" name="verifyLoginWithInvalidEmailAndValidPassword" time="12.354"/>
  <testcase classname="com.tutorialsninja.qa.testcases.Login" name="verifyLoginWithValidEmailAndInvalidPassword" time="13.592"/>
  <testcase classname="com.tutorialsninja.qa.testcases.Login" name="verifyLoginWithoutProvidingCredentials" time="13.015"/>
  <testcase classname="com.tutorialsninja.qa.testcases.Login" name="verifyLoginUsingTabAndEnter" time="12.423"/>
</testsuite> <!-- com.tutorialsninja.qa.testcases.Login -->
