<?xml version="1.0" encoding="UTF-8"?>
<!-- Generated by org.testng.reporters.JUnitReportReporter -->
<testsuite hostname="DESKTOP-9Q4I8FN" failures="0" tests="3" name="com.tutorialsninja.qa.testcases.Search" time="40.070" errors="0" timestamp="2024-04-25T18:42:39 IST" skipped="0">
  <testcase classname="com.tutorialsninja.qa.testcases.Search" name="VerifySearchWithExistingProduct" time="13.381"/>
  <testcase classname="com.tutorialsninja.qa.testcases.Search" name="VerifySearchWithNonExistingProduct" time="12.626"/>
  <testcase classname="com.tutorialsninja.qa.testcases.Search" name="VerifySearchWithoutEnteringProductName" time="14.063"/>
</testsuite> <!-- com.tutorialsninja.qa.testcases.Search -->
