<?xml version="1.0" encoding="UTF-8"?>
<!-- Generated by org.testng.reporters.JUnitReportReporter -->
<testsuite hostname="DESKTOP-9Q4I8FN" failures="0" tests="4" name="com.tutorialsninja.qa.testcases.Register" time="54.131" errors="0" timestamp="2024-04-25T18:42:39 IST" skipped="0">
  <testcase classname="com.tutorialsninja.qa.testcases.Register" name="VerifyRegisteringAnAccountWithMandetoryFields" time="11.422"/>
  <testcase classname="com.tutorialsninja.qa.testcases.Register" name="VerifyRegisteringAccountByEnteringAllFields" time="13.253"/>
  <testcase classname="com.tutorialsninja.qa.testcases.Register" name="VerifyRegisteringAccountByProvidingExistingDetails" time="16.266"/>
  <testcase classname="com.tutorialsninja.qa.testcases.Register" name="VerifyRegisteringAccountWithOutFillingAnyDetails" time="13.190"/>
</testsuite> <!-- com.tutorialsninja.qa.testcases.Register -->
